
> beyaz-esya@0.1.0 dev
> next dev --turbopack

   ▲ Next.js 15.5.2 (Turbopack)
   - Local:        http://localhost:3000
   - Network:      http://192.168.1.13:3000

 ✓ Starting...
 ✓ Ready in 1224ms
 ○ Compiling / ...
 ✓ Compiled / in 2.8s
 GET / 200 in 3498ms
 ✓ Compiled /favicon.ico in 367ms
 GET /favicon.ico?favicon.0b3bf435.ico 200 in 797ms
 ✓ Compiled in 140ms
 ✓ Compiled / in 76ms
 GET / 200 in 189ms
 GET / 200 in 180ms
 GET /favicon.ico?favicon.0b3bf435.ico 200 in 298ms
 ✓ Compiled / in 57ms
 GET / 200 in 183ms
 ✓ Compiled in 55ms
 ✓ Compiled / in 88ms
 GET / 200 in 188ms
 ✓ Compiled in 64ms
 ✓ Compiled in 68ms
 ✓ Compiled in 169ms
 ✓ Compiled in 128ms
 ✓ Compiled in 44ms
 ✓ Compiled in 39ms
 ✓ Compiled in 108ms
 ✓ Compiled in 77ms
 ✓ Compiled in 36ms
 ✓ Compiled in 163ms
 ✓ Compiled in 51ms
 ✓ Compiled in 90ms
 ✓ Compiled in 45ms
 ✓ Compiled in 51ms
 ✓ Compiled in 96ms
 ✓ Compiled in 57ms
 ✓ Compiled in 45ms
 ✓ Compiled / in 53ms
 GET / 200 in 168ms
 ✓ Compiled in 67ms
 GET / 200 in 172ms
 GET / 200 in 162ms
 GET / 200 in 192ms
 GET / 200 in 138ms
 ✓ Compiled in 54ms
 ✓ Compiled / in 56ms
 GET / 200 in 179ms
 GET / 500 in 685ms
 GET /favicon.ico?favicon.0b3bf435.ico 200 in 465ms
 GET /favicon.ico 200 in 436ms
 GET / 500 in 525ms
 GET /favicon.ico 200 in 337ms
 ✓ Compiled in 50ms
 ✓ Compiled / in 116ms
 GET / 500 in 789ms
 GET /favicon.ico?favicon.0b3bf435.ico 200 in 325ms
 GET /favicon.ico 200 in 309ms
 ✓ Compiled in 67ms
 ✓ Compiled in 52ms
 ✓ Compiled in 54ms
 ✓ Compiled / in 114ms
 GET / 200 in 506ms
 GET /favicon.ico?favicon.0b3bf435.ico 200 in 335ms
 ✓ Compiled /_not-found/page in 408ms
 GET /hizmetler 404 in 551ms
 GET /hizmetler 404 in 172ms
 GET / 200 in 170ms
 GET /hizmetler 404 in 121ms
 GET /hizmetler 404 in 147ms
 GET /servislerimiz 404 in 123ms
 GET /servislerimiz 404 in 154ms
 GET / 200 in 133ms
 ✓ Compiled in 54ms
 GET / 200 in 377ms
 GET /favicon.ico?favicon.0b3bf435.ico 200 in 294ms
 ✓ Compiled in 98ms
 GET / 200 in 357ms
 GET /favicon.ico?favicon.0b3bf435.ico 200 in 289ms
 ✓ Compiled in 47ms
 ✓ Compiled in 44ms
 GET / 200 in 372ms
 GET /favicon.ico?favicon.0b3bf435.ico 200 in 286ms
 ✓ Compiled in 47ms
 ✓ Compiled in 59ms
 ✓ Compiled in 53ms
 GET /klima.jpg 404 in 118ms
 GET / 200 in 361ms
 GET /klima.jpg 404 in 164ms
 GET /favicon.ico?favicon.0b3bf435.ico 200 in 291ms
 ✓ Compiled in 149ms
 GET /hizmetler 404 in 273ms
 GET / 200 in 291ms
 ✓ Compiled in 85ms
 ✓ Compiled in 54ms
 GET / 200 in 380ms
 GET /favicon.ico?favicon.0b3bf435.ico 200 in 304ms
 ✓ Compiled in 47ms
 GET / 200 in 396ms
 GET /favicon.ico?favicon.0b3bf435.ico 200 in 282ms
 ✓ Compiled in 47ms
 ✓ Compiled /izmir/[ilce]/[hizmet] in 312ms
 GET /izmir/konak/klima-servisi 200 in 1027ms
 GET / 200 in 297ms
 GET /izmir/konak/kombi-servisi 200 in 358ms
 GET / 200 in 161ms
 ✓ Compiled in 156ms
 GET /izmir/konak/klima-servisi 200 in 424ms
 GET / 200 in 295ms
 GET / 200 in 219ms
 ✓ Compiled in 182ms
 GET /klima.jpg 404 in 464ms
 GET /bulasik.jpg 404 in 579ms
 GET /kombi.jpg 404 in 731ms
 GET /camasir.jpg 404 in 295ms
 GET /buzdolabi.jpg 404 in 384ms
 GET / 200 in 405ms
